#
# There is insufficient memory for the Java Runtime Environment to continue.
# Native memory allocation (mmap) failed to map 134217728 bytes for Failed to commit area from 0x0000000081800000 to 0x0000000089800000 of length 134217728.
# Possible reasons:
#   The system is out of physical RAM or swap space
#   The process is running with CompressedOops enabled, and the Java Heap may be blocking the growth of the native heap
# Possible solutions:
#   Reduce memory load on the system
#   Increase physical memory or swap space
#   Check if swap backing store is full
#   Decrease Java heap size (-Xmx/-Xms)
#   Decrease number of Java threads
#   Decrease Java thread stack sizes (-Xss)
#   Set larger code cache with -XX:ReservedCodeCacheSize=
# This output file may be truncated or incomplete.
#
#  Out of Memory Error (./open/src/hotspot/os/windows/os_windows.cpp:3275), pid=1464, tid=9828
#
# JRE version:  (11.0.9+7) (build )
# Java VM: Java HotSpot(TM) 64-Bit Server VM (11.0.9+7-LTS, mixed mode, sharing, tiered, compressed oops, g1 gc, windows-amd64)
# No core dump will be written. Minidumps are not enabled by default on client versions of Windows
#

---------------  S U M M A R Y ------------

Command Line: -javaagent:C:\Program Files\JetBrains\IntelliJ IDEA 2020.3.2\lib\idea_rt.jar=58603:C:\Program Files\JetBrains\IntelliJ IDEA 2020.3.2\bin -Dfile.encoding=UTF-8 Main

Host: Intel(R) Core(TM) i7-7500U CPU @ 2.70GHz, 4 cores, 7G,  Windows 10 , 64 bit Build 18362 (10.0.18362.1350)
Time: Thu Mar 18 14:41:20 2021 Egypt Standard Time elapsed time: 0.084900 seconds (0d 0h 0m 0s)

---------------  T H R E A D  ---------------

Current thread (0x00000228bb622800):  JavaThread "Unknown thread" [_thread_in_vm, id=9828, stack(0x0000008fe5e00000,0x0000008fe5f00000)]

Stack: [0x0000008fe5e00000,0x0000008fe5f00000]
Native frames: (J=compiled Java code, j=interpreted, Vv=VM code, C=native code)
V  [jvm.dll+0x611a3a]
V  [jvm.dll+0x748aaf]
V  [jvm.dll+0x74a135]
V  [jvm.dll+0x74a7b3]
V  [jvm.dll+0x2439f8]
V  [jvm.dll+0x60eeda]
V  [jvm.dll+0x603de5]
V  [jvm.dll+0x2f785c]
V  [jvm.dll+0x2f76e2]
V  [jvm.dll+0x2fc396]
V  [jvm.dll+0x33e1df]
V  [jvm.dll+0x33dc10]
V  [jvm.dll+0x2d5aa8]
V  [jvm.dll+0x2d6c06]
V  [jvm.dll+0x724927]
V  [jvm.dll+0x7261cf]
V  [jvm.dll+0x34af59]
V  [jvm.dll+0x70a4a0]
V  [jvm.dll+0x3b415f]
V  [jvm.dll+0x3b6201]
C  [jli.dll+0x520b]
C  [ucrtbase.dll+0x210b2]
C  [KERNEL32.DLL+0x17c24]
C  [ntdll.dll+0x6d721]


---------------  P R O C E S S  ---------------

Threads class SMR info:
_java_thread_list=0x00000228b9437b40, length=0, elements={
}

Java Threads: ( => current thread )

Other Threads:
  0x00000228bb638800 GCTaskThread "GC Thread#0" [stack: 0x0000008fe5f00000,0x0000008fe6000000] [id=9924]
  0x00000228bb66a800 ConcurrentGCThread "G1 Main Marker" [stack: 0x0000008fe6000000,0x0000008fe6100000] [id=6936]
  0x00000228bb66e000 ConcurrentGCThread "G1 Conc#0" [stack: 0x0000008fe6100000,0x0000008fe6200000] [id=9832]

[error occurred during error reporting (printing all threads), id 0xc0000005, EXCEPTION_ACCESS_VIOLATION (0xc0000005) at pc=0x00007ffea19f42a7]

VM state:not at safepoint (not fully initialized)

VM Mutex/Monitor currently owned by a thread:  ([mutex/lock_event])
[0x00000228bb61f440] Heap_lock - owner thread: 0x00000228bb622800

Heap address: 0x0000000081800000, size: 2024 MB, Compressed Oops mode: Non-zero based: 0x0000000081800000
Narrow klass base: 0x0000000000000000, Narrow klass shift: 0

GC Heap History (0 events):
No events

Deoptimization events (0 events):
No events

Classes redefined (0 events):
No events

Internal exceptions (0 events):
No events

Events (0 events):
No events


Dynamic libraries:
0x00007ff67e280000 - 0x00007ff67e28f000 	C:\Program Files\Java\jdk-11.0.9\bin\java.exe
0x00007ffeeb1a0000 - 0x00007ffeeb390000 	C:\WINDOWS\SYSTEM32\ntdll.dll
0x00007ffeb7940000 - 0x00007ffeb7952000 	C:\Program Files\AVAST Software\Avast\aswhook.dll
0x00007ffee9d80000 - 0x00007ffee9e32000 	C:\WINDOWS\System32\KERNEL32.DLL
0x00007ffee8b90000 - 0x00007ffee8e35000 	C:\WINDOWS\System32\KERNELBASE.dll
0x00007ffee8950000 - 0x00007ffee8a4a000 	C:\WINDOWS\System32\ucrtbase.dll
0x00007ffee36c0000 - 0x00007ffee36d8000 	C:\Program Files\Java\jdk-11.0.9\bin\jli.dll
0x00007ffee36e0000 - 0x00007ffee36f5000 	C:\Program Files\Java\jdk-11.0.9\bin\VCRUNTIME140.dll
0x00007ffeeaa40000 - 0x00007ffeeaae3000 	C:\WINDOWS\System32\ADVAPI32.dll
0x00007ffeeaf60000 - 0x00007ffeeaffe000 	C:\WINDOWS\System32\msvcrt.dll
0x00007ffee9ec0000 - 0x00007ffee9f57000 	C:\WINDOWS\System32\sechost.dll
0x00007ffee9460000 - 0x00007ffee957f000 	C:\WINDOWS\System32\RPCRT4.dll
0x00007ffee9f70000 - 0x00007ffeea104000 	C:\WINDOWS\System32\USER32.dll
0x00007ffee91f0000 - 0x00007ffee9211000 	C:\WINDOWS\System32\win32u.dll
0x00007ffed9940000 - 0x00007ffed9bc4000 	C:\WINDOWS\WinSxS\amd64_microsoft.windows.common-controls_6595b64144ccf1df_6.0.18362.1379_none_9e7ff3b3e45cc0c4\COMCTL32.dll
0x00007ffeea9e0000 - 0x00007ffeeaa06000 	C:\WINDOWS\System32\GDI32.dll
0x00007ffeeab00000 - 0x00007ffeeae37000 	C:\WINDOWS\System32\combase.dll
0x00007ffee8e40000 - 0x00007ffee8fd8000 	C:\WINDOWS\System32\gdi32full.dll
0x00007ffee8a50000 - 0x00007ffee8ad1000 	C:\WINDOWS\System32\bcryptPrimitives.dll
0x00007ffee9150000 - 0x00007ffee91ee000 	C:\WINDOWS\System32\msvcp_win.dll
0x00007ffee29b0000 - 0x00007ffee29ba000 	C:\WINDOWS\SYSTEM32\VERSION.dll
0x00007ffeeaa10000 - 0x00007ffeeaa3e000 	C:\WINDOWS\System32\IMM32.DLL
0x00007ffebf290000 - 0x00007ffebf32b000 	C:\Program Files\Java\jdk-11.0.9\bin\msvcp140.dll
0x00007ffea1710000 - 0x00007ffea2207000 	C:\Program Files\Java\jdk-11.0.9\bin\server\jvm.dll
0x00007ffee9f60000 - 0x00007ffee9f68000 	C:\WINDOWS\System32\PSAPI.DLL
0x00007ffed50d0000 - 0x00007ffed50d9000 	C:\WINDOWS\SYSTEM32\WSOCK32.dll
0x00007ffee4ed0000 - 0x00007ffee4ef4000 	C:\WINDOWS\SYSTEM32\WINMM.dll
0x00007ffee9620000 - 0x00007ffee968f000 	C:\WINDOWS\System32\WS2_32.dll
0x00007ffee4ea0000 - 0x00007ffee4ecd000 	C:\WINDOWS\SYSTEM32\WINMMBASE.dll
0x00007ffee88a0000 - 0x00007ffee88ea000 	C:\WINDOWS\System32\cfgmgr32.dll
0x00007ffee80e0000 - 0x00007ffee80f1000 	C:\WINDOWS\System32\kernel.appcore.dll
0x00007ffee4fc0000 - 0x00007ffee4fd0000 	C:\Program Files\Java\jdk-11.0.9\bin\verify.dll
0x00007ffedf740000 - 0x00007ffedf934000 	C:\WINDOWS\SYSTEM32\DBGHELP.DLL
0x00007ffedf6d0000 - 0x00007ffedf6fa000 	C:\WINDOWS\SYSTEM32\dbgcore.DLL
0x00007ffedf270000 - 0x00007ffedf298000 	C:\Program Files\Java\jdk-11.0.9\bin\java.dll
0x00007ffee36b0000 - 0x00007ffee36ba000 	C:\Program Files\Java\jdk-11.0.9\bin\jimage.dll
0x00007ffee5c70000 - 0x00007ffee5c7e000 	C:\Program Files\Java\jdk-11.0.9\bin\instrument.dll
0x00007ffedf210000 - 0x00007ffedf226000 	C:\Program Files\Java\jdk-11.0.9\bin\zip.dll

dbghelp: loaded successfully - version: 4.0.5 - missing functions: none
symbol engine: initialized successfully - sym options: 0x614 - pdb path: .;C:\Program Files\Java\jdk-11.0.9\bin;C:\WINDOWS\SYSTEM32;C:\Program Files\AVAST Software\Avast;C:\WINDOWS\WinSxS\amd64_microsoft.windows.common-controls_6595b64144ccf1df_6.0.18362.1379_none_9e7ff3b3e45cc0c4;C:\Program Files\Java\jdk-11.0.9\bin\server

VM Arguments:
jvm_args: -javaagent:C:\Program Files\JetBrains\IntelliJ IDEA 2020.3.2\lib\idea_rt.jar=58603:C:\Program Files\JetBrains\IntelliJ IDEA 2020.3.2\bin -Dfile.encoding=UTF-8 
java_command: Main
java_class_path (initial): C:\Users\Hadeer\Desktop\iti\ORM\HelloHibernate\target\classes;C:\Users\Hadeer\.m2\repository\org\hibernate\hibernate-core\5.4.29.Final\hibernate-core-5.4.29.Final.jar;C:\Users\Hadeer\.m2\repository\org\jboss\logging\jboss-logging\3.4.1.Final\jboss-logging-3.4.1.Final.jar;C:\Users\Hadeer\.m2\repository\javax\persistence\javax.persistence-api\2.2\javax.persistence-api-2.2.jar;C:\Users\Hadeer\.m2\repository\org\javassist\javassist\3.27.0-GA\javassist-3.27.0-GA.jar;C:\Users\Hadeer\.m2\repository\net\bytebuddy\byte-buddy\1.10.21\byte-buddy-1.10.21.jar;C:\Users\Hadeer\.m2\repository\antlr\antlr\2.7.7\antlr-2.7.7.jar;C:\Users\Hadeer\.m2\repository\org\jboss\spec\javax\transaction\jboss-transaction-api_1.2_spec\1.1.1.Final\jboss-transaction-api_1.2_spec-1.1.1.Final.jar;C:\Users\Hadeer\.m2\repository\org\jboss\jandex\2.2.3.Final\jandex-2.2.3.Final.jar;C:\Users\Hadeer\.m2\repository\com\fasterxml\classmate\1.5.1\classmate-1.5.1.jar;C:\Users\Hadeer\.m2\repository\javax\activation\javax.activation-api\1.2.0\javax.activation-api-1.2.0.jar;C:\Users\Hadeer\.m2\repository\org\dom4j\dom4j\2.1.3\dom4j-2.1.3.jar;C:\Users\Hadeer\.m2\repository\org\hibernate\common\hibernate-commons-annotations\5.1.2.Final\hibernate-commons-annotations-5.1.2.Final.jar;C:\Users\Hadeer\.m2\repository\javax\xml\bind\jaxb-api\2.3.1\jaxb-api-2.3.1.jar;C:\Users\Hadeer\.m2\repository\org\glassfish\jaxb\jaxb-runtime\2.3.1\jaxb-runtime-2.3.1.jar;C:\Users\Hadeer\.m2\repository\org\glassfish\jaxb\txw2\2.3.1\txw2-2.3.1.jar;C:\Users\Hadeer\.m2\repository\com\sun\istack\istack-commons-runtime\3.0.7\istack-commons-runtime-3.0.7.jar;C:\Users\Hadeer\.m2\repository\org\jvnet\staxex\stax-ex\1.8\stax-ex-1.8.jar;C:\Users\Hadeer\.m2\repository\com\sun\xml\fastinfoset\FastInfoset\1.2.15\FastInfoset-1.2.15.jar;C:\Users\Hadeer\.m2\repository\mysql\mysql-connector-java\8.0.23\mysql-connector-java-8.0.23.jar;C:\Users\Hadeer\.m2\repository\com\google\protobuf\protobuf-java\3.11.4\protobuf-java-3.11.4.j
Launcher Type: SUN_STANDARD

[Global flags]
     intx CICompilerCount                          = 3                                         {product} {ergonomic}
     uint ConcGCThreads                            = 1                                         {product} {ergonomic}
     uint G1ConcRefinementThreads                  = 4                                         {product} {ergonomic}
   size_t G1HeapRegionSize                         = 1048576                                   {product} {ergonomic}
    uintx GCDrainStackTargetSize                   = 64                                        {product} {ergonomic}
   size_t InitialHeapSize                          = 134217728                                 {product} {ergonomic}
   size_t MarkStackSize                            = 4194304                                   {product} {ergonomic}
   size_t MaxHeapSize                              = 2122317824                                {product} {ergonomic}
   size_t MinHeapDeltaBytes                        = 1048576                                   {product} {ergonomic}
    uintx NonNMethodCodeHeapSize                   = 5830732                                {pd product} {ergonomic}
    uintx NonProfiledCodeHeapSize                  = 122913754                              {pd product} {ergonomic}
    uintx ProfiledCodeHeapSize                     = 122913754                              {pd product} {ergonomic}
    uintx ReservedCodeCacheSize                    = 251658240                              {pd product} {ergonomic}
     bool SegmentedCodeCache                       = true                                      {product} {ergonomic}
     bool UseCompressedClassPointers               = true                                 {lp64_product} {ergonomic}
     bool UseCompressedOops                        = true                                 {lp64_product} {ergonomic}
     bool UseG1GC                                  = true                                      {product} {ergonomic}
     bool UseLargePagesIndividualAllocation        = false                                  {pd product} {ergonomic}

Logging:
Log output configuration:
 #0: stdout all=warning uptime,level,tags
 #1: stderr all=off uptime,level,tags

Environment Variables:
JAVA_HOME=C:\Program Files\Java\jdk-11.0.9
PATH=C:\Program Files\Java\jdk-11.0.9\bin;C:\DevTools\programs\JAXB\jaxb-ri\bin;C:\Program Files\Common Files\Oracle\Java\javapath;C:\oraclexe\app\oracle\product\11.2.0\server\bin;C:\Program Files (x86)\VMware\VMware Workstation\bin\;";C:\Program Files (x86)\Common Files\Oracle\Java\javapath";C:\ProgramData\Oracle\Java\javapath;C:\Windows\system32;C:\Windows;C:\Windows\System32\Wbem;C:\Windows\System32\WindowsPowerShell\v1.0\;C:\Program Files (x86)\NVIDIA Corporation\PhysX\Common;C:\Program Files\Microsoft SQL Server\Client SDK\ODBC\130\Tools\Binn\;C:\Program Files (x86)\Microsoft SQL Server\140\Tools\Binn\;C:\Program Files\Microsoft SQL Server\140\Tools\Binn\;C:\Program Files\Microsoft SQL Server\140\DTS\Binn\;C:\Users\Hadeer\.dnx\bin;C:\Program Files\Microsoft DNX\Dnvm\;C:\WINDOWS\system32;C:\WINDOWS;C:\WINDOWS\System32\Wbem;C:\WINDOWS\System32\WindowsPowerShell\v1.0\;C:\Program Files (x86)\Microsoft SQL Server\Client SDK\ODBC\130\Tools\Binn\;C:\Program Files (x86)\Microsoft SQL Server\140\DTS\Binn\;C:\Program Files (x86)\Microsoft SQL Server\140\Tools\Binn\ManagementStudio\;C:\Program Files\Git\cmd;C:\Program Files (x86)\Brackets\command;C:\Program Files\Microsoft SQL Server\Client SDK\ODBC\110\Tools\Binn\;C:\Program Files (x86)\Microsoft SQL Server\120\Tools\Binn\;C:\Program Files\Microsoft SQL Server\120\Tools\Binn\;C:\Program Files\Microsoft SQL Server\120\DTS\Binn\;C:\Program Files\nodejs\;C:\Users\Hadeer\Desktop\deeplearning\venv\Scripts;C:\Program Files\Dart\dart-sdk\bin;C:\WINDOWS\System32\OpenSSH\;C:\DevTools\programs\apache-maven-3.6.3\bin;C:\Program Files\MySQL\MySQL Shell 8.0\bin\;C:\Users\Hadeer\AppData\Local\Microsoft\WindowsApps;C:\Users\Hadeer\AppData\Local\GitHubDesktop\bin;C:\Users\Hadeer\AppData\Local\Programs\Microsoft VS Code\bin;C:\Users\Hadeer\AppData\Roaming\npm;C:\src\flutter\bin;C:\Program Files\heroku\bin;C:\Users\Hadeer\AppData\Local\Microsoft\WindowsApps;C:\DevTools\programs\JAXB\jaxb-ri\bin;
USERNAME=Hadeer
OS=Windows_NT
PROCESSOR_IDENTIFIER=Intel64 Family 6 Model 142 Stepping 9, GenuineIntel



---------------  S Y S T E M  ---------------

OS: Windows 10 , 64 bit Build 18362 (10.0.18362.1350)

CPU:total 4 (initial active 4) (2 cores per cpu, 2 threads per core) family 6 model 142 stepping 9, cmov, cx8, fxsr, mmx, sse, sse2, sse3, ssse3, sse4.1, sse4.2, popcnt, avx, avx2, aes, clmul, erms, 3dnowpref, lzcnt, ht, tsc, tscinvbit, bmi1, bmi2, adx, fma

Memory: 4k page, system-wide physical 8092M (620M free)
TotalPageFile size 13092M (AvailPageFile size 94M)
current process WorkingSet (physical memory assigned to process): 10M, peak: 10M
current process commit charge ("private bytes"): 51M, peak: 179M

vm_info: Java HotSpot(TM) 64-Bit Server VM (11.0.9+7-LTS) for windows-amd64 JRE (11.0.9+7-LTS), built on Sep 15 2020 16:47:03 by "mach5one" with MS VC++ 15.9 (VS2017)

END.
